build/app/outputs/mapping/release/seeds.txt
com.example.astor_acad_1.MainActivity
com.example.astor_acad_1.MainActivity: MainActivity()
...
androidx.profileinstaller.ProfileInstallReceiver: ProfileInstallReceiver()
io.flutter.embedding.engine.FlutterOverlaySurface: FlutterOverlaySurface(int,android.view.Surface)
androidx.core.view.WindowInsetsCompat$Impl: androidx.core.view.DisplayCutoutCompat getDisplayCutout()
androidx.appcompat.widget.AppCompatAutoCompleteTextView: android.graphics.PorterDuff$Mode getSupportBackgroundTintMode()
android.support.v4.media.AudioAttributesImplBaseParcelizer: androidx.media.AudioAttributesImplBase read(androidx.versionedparcelable.VersionedParcel)
androidx.appcompat.widget.Toolbar: void setLogo(int)
androidx.core.widget.PopupWindowCompat$Api23Impl: int getWindowLayoutType(android.widget.PopupWindow)
kotlinx.coroutines.scheduling.CoroutineScheduler$WorkerState: kotlinx.coroutines.scheduling.CoroutineScheduler$WorkerState valueOf(java.lang.String)
androidx.appcompat.widget.SwitchCompat: void setThumbDrawable(android.graphics.drawable.Drawable)
androidx.datastore.preferences.PreferencesProto$Value$ValueCase: androidx.datastore.preferences.PreferencesProto$Value$ValueCase valueOf(java.lang.String)
androidx.core.widget.EdgeEffectCompat$Api31Impl: float getDistance(android.widget.EdgeEffect)
androidx.lifecycle.ReportFragment$LifecycleCallbacks: void onActivityPostCreated(android.app.Activity,android.os.Bundle)
io.flutter.plugin.platform.PlatformViewWrapper: android.view.ViewTreeObserver$OnGlobalFocusChangeListener getActiveFocusListener()
androidx.core.view.ViewParentCompat$Api21Impl: boolean onNestedPreFling(android.view.ViewParent,android.view.View,float,float)
androidx.recyclerview.widget.RecyclerView: boolean getPreserveFocusAfterLayout()
kotlinx.coroutines.android.AndroidExceptionPreHandler: AndroidExceptionPreHandler()
androidx.window.extensions.core.util.function.Function: java.lang.Object apply(java.lang.Object)
androidx.appcompat.widget.ActionMenuView: void setOverflowReserved(boolean)
android.support.v4.media.MediaDescriptionCompat$Api21Impl: java.lang.String getMediaId(android.media.MediaDescription)
androidx.appcompat.widget.SearchView: void setAppSearchData(android.os.Bundle)
io.flutter.plugins.pathprovider.Messages$StorageDirectory: io.flutter.plugins.pathprovider.Messages$StorageDirectory valueOf(java.lang.String)
androidx.vectordrawable.graphics.drawable.VectorDrawableCompat$VGroup: float getTranslateY()
androidx.appcompat.widget.AppCompatTextView: int getAutoSizeMaxTextSize()
androidx.core.content.res.ResourcesCompat$Api23Impl: int getColor(android.content.res.Resources,int,android.content.res.Resources$Theme)
androidx.window.area.reflectionguard.WindowAreaComponentApi3Requirements: androidx.window.extensions.area.ExtensionWindowAreaPresentation getRearDisplayPresentation()
androidx.core.view.WindowInsetsCompat$Impl29: androidx.core.graphics.Insets getSystemGestureInsets()
androidx.appcompat.widget.ContentFrameLayout: android.util.TypedValue getFixedHeightMinor()
io.flutter.embedding.engine.renderer.FlutterRenderer$DisplayFeatureState: io.flutter.embedding.engine.renderer.FlutterRenderer$DisplayFeatureState valueOf(java.lang.String)
io.flutter.embedding.engine.renderer.FlutterRenderer$DisplayFeatureState: io.flutter.embedding.engine.renderer.FlutterRenderer$DisplayFeatureState[] values()
androidx.core.view.WindowInsetsCompat$Impl20: androidx.core.graphics.Insets getRootStableInsets()
io.flutter.embedding.engine.systemchannels.PlatformViewsChannel$PlatformViewCreationRequest$RequestedDisplayMode: io.flutter.embedding.engine.systemchannels.PlatformViewsChannel$PlatformViewCreationRequest$RequestedDisplayMode valueOf(java.lang.String)
androidx.core.view.ViewCompat$Api28Impl: java.lang.CharSequence getAccessibilityPaneTitle(android.view.View)
androidx.appcompat.widget.AppCompatImageView: void setSupportBackgroundTintList(android.content.res.ColorStateList)
io.flutter.embedding.engine.FlutterJNI: boolean nativeFlutterTextUtilsIsEmoji(int)