build/app/outputs/mapping/release/usage.txt
com.example.astor_acad_1.R$drawable
com.example.astor_acad_1.R$mipmap
com.example.astor_acad_1.R$style
com.example.astor_acad_1.R
...
androidx.core.graphics.Insets:
    public static androidx.core.graphics.Insets add(androidx.core.graphics.Insets,androidx.core.graphics.Insets)
    public static androidx.core.graphics.Insets min(androidx.core.graphics.Insets,androidx.core.graphics.Insets)
    public static androidx.core.graphics.Insets subtract(androidx.core.graphics.Insets,androidx.core.graphics.Insets)
    public static androidx.core.graphics.Insets wrap(android.graphics.Insets)
androidx.core.graphics.MatrixKt
androidx.core.graphics.PaintCompat$Api23Impl
androidx.core.graphics.PaintCompat$Api29Impl
androidx.core.graphics.PaintCompat
androidx.core.graphics.PaintKt
androidx.core.graphics.PathKt
androidx.core.graphics.PathParser$PathDataNode:
    public float[] getParams()
    public char getType()
androidx.core.graphics.PathParser:
    private static final java.lang.String LOGTAG
    private void <init>()
    public static void interpolatePathDataNodes(androidx.core.graphics.PathParser$PathDataNode[],float,androidx.core.graphics.PathParser$PathDataNode[],androidx.core.graphics.PathParser$PathDataNode[])
    public static boolean interpolatePathDataNodes(androidx.core.graphics.PathParser$PathDataNode[],androidx.core.graphics.PathParser$PathDataNode[],androidx.core.graphics.PathParser$PathDataNode[],float)
androidx.core.graphics.PathSegment
androidx.core.graphics.PathUtils$Api26Impl
androidx.core.graphics.PathUtils
androidx.core.graphics.PictureKt
androidx.core.graphics.PointKt
androidx.core.graphics.PorterDuffKt
androidx.core.graphics.RectKt
androidx.core.graphics.RegionKt$iterator$1
androidx.core.graphics.RegionKt
androidx.core.graphics.ShaderKt
androidx.core.graphics.TypefaceCompat:
    private void <init>()
    public static void clearCache()
    public static android.graphics.Typeface create(android.content.Context,android.graphics.Typeface,int,boolean)
    public static android.graphics.Typeface createFromResourcesFamilyXml(android.content.Context,androidx.core.content.res.FontResourcesParserCompat$FamilyResourceEntry,android.content.res.Resources,int,int,androidx.core.content.res.ResourcesCompat$FontCallback,android.os.Handler,boolean)
    public static android.graphics.Typeface createFromResourcesFontFile(android.content.Context,android.content.res.Resources,int,java.lang.String,int)
    public static android.graphics.Typeface findFromCache(android.content.res.Resources,int,int)
androidx.core.graphics.TypefaceCompatApi21Impl:
    private static final java.lang.String ADD_FONT_WEIGHT_STYLE_METHOD
    private static final java.lang.String CREATE_FROM_FAMILIES_WITH_DEFAULT_METHOD
    private static final java.lang.String FONT_FAMILY_CLASS
    private static final java.lang.String TAG
    android.graphics.Typeface createWeightStyle(android.content.Context,android.graphics.Typeface,int,boolean)
androidx.core.graphics.TypefaceCompatApi24Impl:
    private static final java.lang.String ADD_FONT_WEIGHT_STYLE_METHOD
    private static final java.lang.String CREATE_FROM_FAMILIES_WITH_DEFAULT_METHOD
    private static final java.lang.String FONT_FAMILY_CLASS
    private static final java.lang.String TAG
    android.graphics.Typeface createWeightStyle(android.content.Context,android.graphics.Typeface,int,boolean)
androidx.core.graphics.TypefaceCompatApi26Impl:
    private static final java.lang.String ABORT_CREATION_METHOD
    private static final java.lang.String ADD_FONT_FROM_ASSET_MANAGER_METHOD
    private static final java.lang.String ADD_FONT_FROM_BUFFER_METHOD
    private static final java.lang.String CREATE_FROM_FAMILIES_WITH_DEFAULT_METHOD
    private static final java.lang.String FONT_FAMILY_CLASS
    private static final java.lang.String FREEZE_METHOD
    private static final int RESOLVE_BY_FONT_TABLE
    private static final java.lang.String TAG
    android.graphics.Typeface createWeightStyle(android.content.Context,android.graphics.Typeface,int,boolean)